build/app/intermediates/manifest_merge_blame_file/release/manifest-merger-blame-release-report.txt
1<?xml version="1.0" encoding="utf-8"?>
2<manifest xmlns:android="http://schemas.android.com/apk/res/android"
3    package="com.example.yetu_gestor"
4    android:versionCode="4001"
5    android:versionName="1.0.0" >
6
7    <uses-sdk
8        android:minSdkVersion="16"
8-->src/main/AndroidManifest.xml
9        android:targetSdkVersion="31" />
9-->src/main/AndroidManifest.xml
10
11    <uses-permission android:name="android.permission.INTERNET" />
11-->src/main/AndroidManifest.xml:3:5-66
11-->src/main/AndroidManifest.xml:3:22-64
12    <uses-permission android:name="android.permission.READ_EXTERNAL_STORAGE" />
12-->[:file_picker] AndroidManifest.xml:9:5-80
12-->[:file_picker] AndroidManifest.xml:9:22-77
13
14    <queries>
14-->[:file_picker] AndroidManifest.xml:11:5-17:15
15        <intent>
15-->[:file_picker] AndroidManifest.xml:12:9-16:18
16            <action android:name="android.intent.action.GET_CONTENT" />
16-->[:file_picker] AndroidManifest.xml:13:13-72
16-->[:file_picker] AndroidManifest.xml:13:21-69
17
18            <data android:mimeType="*/*" />
18-->[:file_picker] AndroidManifest.xml:15:13-44
18-->[:file_picker] AndroidManifest.xml:15:19-41
19        </intent>
20    </queries>
21
22    <uses-permission android:name="android.permission.REQUEST_INSTALL_PACKAGES" />
22-->[:open_file] AndroidManifest.xml:10:5-83
22-->[:open_file] AndroidManifest.xml:10:22-80
23
24    <application
25        android:name="android.app.Application"
25-->src/main/AndroidManifest.xml:6:9-42
26        android:appComponentFactory="androidx.core.app.CoreComponentFactory"
26-->[androidx.core:core:1.6.0] AndroidManifest.xml:24:18-86
27        android:icon="@mipmap/ic_launcher"
27-->src/main/AndroidManifest.xml:7:9-43
28        android:label="Landissa" >
28-->src/main/AndroidManifest.xml:5:9-33
29        <activity
29-->src/main/AndroidManifest.xml:9:9-29:20
30            android:name="com.example.yetu_gestor.MainActivity"
30-->src/main/AndroidManifest.xml:10:13-41
31            android:configChanges="orientation|keyboardHidden|keyboard|screenSize|smallestScreenSize|locale|layoutDirection|fontScale|screenLayout|density|uiMode"
31-->src/main/AndroidManifest.xml:14:13-163
32            android:exported="true"
32-->src/main/AndroidManifest.xml:11:13-36
33            android:hardwareAccelerated="true"
33-->src/main/AndroidManifest.xml:15:13-47
34            android:launchMode="singleTop"
34-->src/main/AndroidManifest.xml:12:13-43
35            android:theme="@style/LaunchTheme"
35-->src/main/AndroidManifest.xml:13:13-47
36            android:windowSoftInputMode="adjustResize" >
36-->src/main/AndroidManifest.xml:16:13-55
37
38            <!--
39                 Specifies an Android theme to apply to this Activity as soon as
40                 the Android process has started. This theme is visible to the user
41                 while the Flutter UI initializes. After that, this theme continues
42                 to determine the Window background behind the Flutter UI.
43            -->
44            <meta-data
44-->src/main/AndroidManifest.xml:21:13-24:17
45                android:name="io.flutter.embedding.android.NormalTheme"
45-->src/main/AndroidManifest.xml:22:15-70
46                android:resource="@style/NormalTheme" />
46-->src/main/AndroidManifest.xml:23:15-52
47
48            <intent-filter>
48-->src/main/AndroidManifest.xml:25:13-28:29
49                <action android:name="android.intent.action.MAIN" />
49-->src/main/AndroidManifest.xml:26:17-68
49-->src/main/AndroidManifest.xml:26:25-66
50
51                <category android:name="android.intent.category.LAUNCHER" />
51-->src/main/AndroidManifest.xml:27:17-76
51-->src/main/AndroidManifest.xml:27:27-74
52            </intent-filter>
53        </activity>
54        <!--
55             Don't delete the meta-data below.
56             This is used by the Flutter tool to generate GeneratedPluginRegistrant.java
57        -->
58        <meta-data
58-->src/main/AndroidManifest.xml:32:9-34:33
59            android:name="flutterEmbedding"
59-->src/main/AndroidManifest.xml:33:13-44
60            android:value="2" />
60-->src/main/AndroidManifest.xml:34:13-30
61
62        <provider
62-->[:open_file] AndroidManifest.xml:14:9-23:20
63            android:name="com.crazecoder.openfile.FileProvider"
63-->[:open_file] AndroidManifest.xml:15:13-64
64            android:authorities="com.example.yetu_gestor.fileProvider.com.crazecoder.openfile"
64-->[:open_file] AndroidManifest.xml:16:13-88
65            android:exported="false"
65-->[:open_file] AndroidManifest.xml:17:13-37
66            android:grantUriPermissions="true" >
66-->[:open_file] AndroidManifest.xml:18:13-47
67            <meta-data
67-->[:open_file] AndroidManifest.xml:20:13-22:53
68                android:name="android.support.FILE_PROVIDER_PATHS"
68-->[:open_file] AndroidManifest.xml:21:17-67
69                android:resource="@xml/filepaths" />
69-->[:open_file] AndroidManifest.xml:22:17-50
70        </provider>
71
72        <activity
72-->[:url_launcher_android] AndroidManifest.xml:10:9-13:74
73            android:name="io.flutter.plugins.urllauncher.WebViewActivity"
73-->[:url_launcher_android] AndroidManifest.xml:11:13-74
74            android:exported="false"
74-->[:url_launcher_android] AndroidManifest.xml:12:13-37
75            android:theme="@android:style/Theme.NoTitleBar.Fullscreen" />
75-->[:url_launcher_android] AndroidManifest.xml:13:13-71
76
77        <uses-library
77-->[androidx.window:window:1.0.0-beta04] AndroidManifest.xml:25:9-27:40
78            android:name="androidx.window.extensions"
78-->[androidx.window:window:1.0.0-beta04] AndroidManifest.xml:26:13-54
79            android:required="false" />
79-->[androidx.window:window:1.0.0-beta04] AndroidManifest.xml:27:13-37
80        <uses-library
80-->[androidx.window:window:1.0.0-beta04] AndroidManifest.xml:28:9-30:40
81            android:name="androidx.window.sidecar"
81-->[androidx.window:window:1.0.0-beta04] AndroidManifest.xml:29:13-51
82            android:required="false" />
82-->[androidx.window:window:1.0.0-beta04] AndroidManifest.xml:30:13-37
83    </application>
84
85</manifest>